0 verbose cli C:\Program Files\nodejs\node.exe C:\Program Files\nodejs\node_modules\npm\bin\npm-cli.js
1 info using npm@10.9.3
2 info using node@v22.18.0
3 silly config load:file:C:\Program Files\nodejs\node_modules\npm\npmrc
4 silly config load:file:D:\MON3750\Reactor_Academy_app\Reactor-Academy\.npmrc
5 silly config load:file:C:\Users\user\.npmrc
6 silly config load:file:D:\MON3750\.appdata\Roaming\npm\etc\npmrc
7 verbose title npm install @supabase/supabase-js @google/generative-ai lucide-react clsx tailwind-merge
8 verbose argv "install" "@supabase/supabase-js" "@google/generative-ai" "lucide-react" "clsx" "tailwind-merge"
9 verbose logfile logs-max:10 dir:D:\MON3750\.npm-cache\_logs\2026-06-27T12_31_46_542Z-
10 verbose logfile D:\MON3750\.npm-cache\_logs\2026-06-27T12_31_46_542Z-debug-0.log
11 silly logfile done cleaning log files
12 silly packumentCache heap:4345298944 maxSize:1086324736 maxEntrySize:543162368
13 silly idealTree buildDeps
14 silly fetch manifest @supabase/supabase-js@*
15 silly packumentCache full:https://registry.npmjs.org/@supabase%2fsupabase-js cache-miss
16 http fetch GET 200 https://registry.npmjs.org/@supabase%2fsupabase-js 301ms (cache miss)
17 silly packumentCache full:https://registry.npmjs.org/@supabase%2fsupabase-js set size:undefined disposed:false
18 silly fetch manifest @google/generative-ai@*
19 silly packumentCache full:https://registry.npmjs.org/@google%2fgenerative-ai cache-miss
20 http fetch GET 200 https://registry.npmjs.org/@google%2fgenerative-ai 69ms (cache miss)
21 silly packumentCache full:https://registry.npmjs.org/@google%2fgenerative-ai set size:undefined disposed:false
22 silly fetch manifest lucide-react@*
23 silly packumentCache full:https://registry.npmjs.org/lucide-react cache-miss
24 http fetch GET 200 https://registry.npmjs.org/lucide-react 124ms (cache miss)
25 silly packumentCache full:https://registry.npmjs.org/lucide-react set size:undefined disposed:false
26 silly fetch manifest react@19.2.4
27 silly packumentCache full:https://registry.npmjs.org/react cache-miss
28 http cache https://registry.npmjs.org/react 29ms (cache hit)
29 silly packumentCache full:https://registry.npmjs.org/react set size:6742652 disposed:false
30 silly fetch manifest clsx@*
31 silly packumentCache full:https://registry.npmjs.org/clsx cache-miss
32 http fetch GET 200 https://registry.npmjs.org/clsx 42ms (cache miss)
33 silly packumentCache full:https://registry.npmjs.org/clsx set size:undefined disposed:false
34 silly fetch manifest tailwind-merge@*
35 silly packumentCache full:https://registry.npmjs.org/tailwind-merge cache-miss
36 http fetch GET 200 https://registry.npmjs.org/tailwind-merge 109ms (cache miss)
37 silly packumentCache full:https://registry.npmjs.org/tailwind-merge set size:undefined disposed:false
38 silly placeDep ROOT @google/generative-ai@0.24.1 OK for: reactor-academy@0.1.0 want: *
39 silly placeDep ROOT @supabase/supabase-js@2.108.2 OK for: reactor-academy@0.1.0 want: *
40 silly placeDep ROOT clsx@2.1.1 OK for: reactor-academy@0.1.0 want: *
41 silly placeDep ROOT lucide-react@1.21.0 OK for: reactor-academy@0.1.0 want: *
42 silly placeDep ROOT tailwind-merge@3.6.0 OK for: reactor-academy@0.1.0 want: *
43 silly fetch manifest @supabase/auth-js@2.108.2
44 silly packumentCache full:https://registry.npmjs.org/@supabase%2fauth-js cache-miss
45 silly fetch manifest @supabase/storage-js@2.108.2
46 silly packumentCache full:https://registry.npmjs.org/@supabase%2fstorage-js cache-miss
47 silly fetch manifest @supabase/realtime-js@2.108.2
48 silly packumentCache full:https://registry.npmjs.org/@supabase%2frealtime-js cache-miss
49 silly fetch manifest @supabase/functions-js@2.108.2
50 silly packumentCache full:https://registry.npmjs.org/@supabase%2ffunctions-js cache-miss
51 silly fetch manifest @supabase/postgrest-js@2.108.2
52 silly packumentCache full:https://registry.npmjs.org/@supabase%2fpostgrest-js cache-miss
53 http fetch GET 200 https://registry.npmjs.org/@supabase%2fauth-js 111ms (cache miss)
54 silly packumentCache full:https://registry.npmjs.org/@supabase%2fauth-js set size:undefined disposed:false
55 http fetch GET 200 https://registry.npmjs.org/@supabase%2ffunctions-js 181ms (cache miss)
56 silly packumentCache full:https://registry.npmjs.org/@supabase%2ffunctions-js set size:undefined disposed:false
57 http fetch GET 200 https://registry.npmjs.org/@supabase%2frealtime-js 205ms (cache miss)
58 silly packumentCache full:https://registry.npmjs.org/@supabase%2frealtime-js set size:undefined disposed:false
59 http fetch GET 200 https://registry.npmjs.org/@supabase%2fstorage-js 231ms (cache miss)
60 silly packumentCache full:https://registry.npmjs.org/@supabase%2fstorage-js set size:undefined disposed:false
61 http fetch GET 200 https://registry.npmjs.org/@supabase%2fpostgrest-js 243ms (cache miss)
62 silly packumentCache full:https://registry.npmjs.org/@supabase%2fpostgrest-js set size:undefined disposed:false
63 silly placeDep ROOT @supabase/auth-js@2.108.2 OK for: @supabase/supabase-js@2.108.2 want: 2.108.2
64 silly placeDep ROOT @supabase/functions-js@2.108.2 OK for: @supabase/supabase-js@2.108.2 want: 2.108.2
65 silly placeDep ROOT @supabase/postgrest-js@2.108.2 OK for: @supabase/supabase-js@2.108.2 want: 2.108.2
66 silly placeDep ROOT @supabase/realtime-js@2.108.2 OK for: @supabase/supabase-js@2.108.2 want: 2.108.2
67 silly placeDep ROOT @supabase/storage-js@2.108.2 OK for: @supabase/supabase-js@2.108.2 want: 2.108.2
68 silly fetch manifest @supabase/phoenix@^0.4.2
69 silly packumentCache full:https://registry.npmjs.org/@supabase%2fphoenix cache-miss
70 silly fetch manifest iceberg-js@^0.8.1
71 silly packumentCache full:https://registry.npmjs.org/iceberg-js cache-miss
72 http fetch GET 200 https://registry.npmjs.org/@supabase%2fphoenix 72ms (cache miss)
73 silly packumentCache full:https://registry.npmjs.org/@supabase%2fphoenix set size:undefined disposed:false
74 http fetch GET 200 https://registry.npmjs.org/iceberg-js 77ms (cache miss)
75 silly packumentCache full:https://registry.npmjs.org/iceberg-js set size:undefined disposed:false
76 silly placeDep ROOT @supabase/phoenix@0.4.4 OK for: @supabase/realtime-js@2.108.2 want: ^0.4.2
77 silly placeDep ROOT iceberg-js@0.8.1 OK for: @supabase/storage-js@2.108.2 want: ^0.8.1
78 silly reify moves {}
79 verbose reify failed optional dependency D:\MON3750\Reactor_Academy_app\Reactor-Academy\node_modules\@tailwindcss\oxide-wasm32-wasi
80 silly reify mark deleted [
80 silly reify   'D:\\MON3750\\Reactor_Academy_app\\Reactor-Academy\\node_modules\\@tailwindcss\\oxide-wasm32-wasi'
80 silly reify ]
81 silly audit bulk request {
81 silly audit   '@alloc/quick-lru': [ '5.2.0' ],
81 silly audit   '@babel/code-frame': [ '7.29.7' ],
81 silly audit   '@babel/compat-data': [ '7.29.7' ],
81 silly audit   '@babel/core': [ '7.29.7' ],
81 silly audit   '@babel/generator': [ '7.29.7' ],
81 silly audit   '@babel/helper-compilation-targets': [ '7.29.7' ],
81 silly audit   '@babel/helper-globals': [ '7.29.7' ],
81 silly audit   '@babel/helper-module-imports': [ '7.29.7' ],
81 silly audit   '@babel/helper-module-transforms': [ '7.29.7' ],
81 silly audit   '@babel/helper-string-parser': [ '7.29.7' ],
81 silly audit   '@babel/helper-validator-identifier': [ '7.29.7' ],
81 silly audit   '@babel/helper-validator-option': [ '7.29.7' ],
81 silly audit   '@babel/helpers': [ '7.29.7' ],
81 silly audit   '@babel/parser': [ '7.29.7' ],
81 silly audit   '@babel/template': [ '7.29.7' ],
81 silly audit   '@babel/traverse': [ '7.29.7' ],
81 silly audit   '@babel/types': [ '7.29.7' ],
81 silly audit   '@emnapi/core': [ '1.10.0' ],
81 silly audit   '@emnapi/runtime': [ '1.11.1', '1.10.0' ],
81 silly audit   '@emnapi/wasi-threads': [ '1.2.1' ],
81 silly audit   '@eslint-community/eslint-utils': [ '4.9.1' ],
81 silly audit   'eslint-visitor-keys': [ '3.4.3', '5.0.1', '4.2.1' ],
81 silly audit   '@eslint-community/regexpp': [ '4.12.2' ],
81 silly audit   '@eslint/config-array': [ '0.21.2' ],
81 silly audit   '@eslint/config-helpers': [ '0.4.2' ],
81 silly audit   '@eslint/core': [ '0.17.0' ],
81 silly audit   '@eslint/eslintrc': [ '3.3.5' ],
81 silly audit   '@eslint/js': [ '9.39.4' ],
81 silly audit   '@eslint/object-schema': [ '2.1.7' ],
81 silly audit   '@eslint/plugin-kit': [ '0.4.1' ],
81 silly audit   '@humanfs/core': [ '0.19.2' ],
81 silly audit   '@humanfs/node': [ '0.16.8' ],
81 silly audit   '@humanfs/types': [ '0.15.0' ],
81 silly audit   '@humanwhocodes/module-importer': [ '1.0.1' ],
81 silly audit   '@humanwhocodes/retry': [ '0.4.3' ],
81 silly audit   '@img/colour': [ '1.1.0' ],
81 silly audit   '@img/sharp-darwin-arm64': [ '0.34.5' ],
81 silly audit   '@img/sharp-darwin-x64': [ '0.34.5' ],
81 silly audit   '@img/sharp-libvips-darwin-arm64': [ '1.2.4' ],
81 silly audit   '@img/sharp-libvips-darwin-x64': [ '1.2.4' ],
81 silly audit   '@img/sharp-libvips-linux-arm': [ '1.2.4' ],
81 silly audit   '@img/sharp-libvips-linux-arm64': [ '1.2.4' ],
81 silly audit   '@img/sharp-libvips-linux-ppc64': [ '1.2.4' ],
81 silly audit   '@img/sharp-libvips-linux-riscv64': [ '1.2.4' ],
81 silly audit   '@img/sharp-libvips-linux-s390x': [ '1.2.4' ],
81 silly audit   '@img/sharp-libvips-linux-x64': [ '1.2.4' ],
81 silly audit   '@img/sharp-libvips-linuxmusl-arm64': [ '1.2.4' ],
81 silly audit   '@img/sharp-libvips-linuxmusl-x64': [ '1.2.4' ],
81 silly audit   '@img/sharp-linux-arm': [ '0.34.5' ],
81 silly audit   '@img/sharp-linux-arm64': [ '0.34.5' ],
81 silly audit   '@img/sharp-linux-ppc64': [ '0.34.5' ],
81 silly audit   '@img/sharp-linux-riscv64': [ '0.34.5' ],
81 silly audit   '@img/sharp-linux-s390x': [ '0.34.5' ],
81 silly audit   '@img/sharp-linux-x64': [ '0.34.5' ],
81 silly audit   '@img/sharp-linuxmusl-arm64': [ '0.34.5' ],
81 silly audit   '@img/sharp-linuxmusl-x64': [ '0.34.5' ],
81 silly audit   '@img/sharp-wasm32': [ '0.34.5' ],
81 silly audit   '@img/sharp-win32-arm64': [ '0.34.5' ],
81 silly audit   '@img/sharp-win32-ia32': [ '0.34.5' ],
81 silly audit   '@img/sharp-win32-x64': [ '0.34.5' ],
81 silly audit   '@jridgewell/gen-mapping': [ '0.3.13' ],
81 silly audit   '@jridgewell/remapping': [ '2.3.5' ],
81 silly audit   '@jridgewell/resolve-uri': [ '3.1.2' ],
81 silly audit   '@jridgewell/sourcemap-codec': [ '1.5.5' ],
81 silly audit   '@jridgewell/trace-mapping': [ '0.3.31' ],
81 silly audit   '@napi-rs/wasm-runtime': [ '1.1.6' ],
81 silly audit   '@next/env': [ '16.2.9' ],
81 silly audit   '@next/eslint-plugin-next': [ '16.2.9' ],
81 silly audit   '@next/swc-darwin-arm64': [ '16.2.9' ],
81 silly audit   '@next/swc-darwin-x64': [ '16.2.9' ],
81 silly audit   '@next/swc-linux-arm64-gnu': [ '16.2.9' ],
81 silly audit   '@next/swc-linux-arm64-musl': [ '16.2.9' ],
81 silly audit   '@next/swc-linux-x64-gnu': [ '16.2.9' ],
81 silly audit   '@next/swc-linux-x64-musl': [ '16.2.9' ],
81 silly audit   '@next/swc-win32-arm64-msvc': [ '16.2.9' ],
81 silly audit   '@next/swc-win32-x64-msvc': [ '16.2.9' ],
81 silly audit   '@nodelib/fs.scandir': [ '2.1.5' ],
81 silly audit   '@nodelib/fs.stat': [ '2.0.5' ],
81 silly audit   '@nodelib/fs.walk': [ '1.2.8' ],
81 silly audit   '@nolyfill/is-core-module': [ '1.0.39' ],
81 silly audit   '@rtsao/scc': [ '1.1.0' ],
81 silly audit   '@swc/helpers': [ '0.5.15' ],
81 silly audit   '@tailwindcss/node': [ '4.3.1' ],
81 silly audit   '@tailwindcss/oxide': [ '4.3.1' ],
81 silly audit   '@tailwindcss/oxide-android-arm64': [ '4.3.1' ],
81 silly audit   '@tailwindcss/oxide-darwin-arm64': [ '4.3.1' ],
81 silly audit   '@tailwindcss/oxide-darwin-x64': [ '4.3.1' ],
81 silly audit   '@tailwindcss/oxide-freebsd-x64': [ '4.3.1' ],
81 silly audit   '@tailwindcss/oxide-linux-arm-gnueabihf': [ '4.3.1' ],
81 silly audit   '@tailwindcss/oxide-linux-arm64-gnu': [ '4.3.1' ],
81 silly audit   '@tailwindcss/oxide-linux-arm64-musl': [ '4.3.1' ],
81 silly audit   '@tailwindcss/oxide-linux-x64-gnu': [ '4.3.1' ],
81 silly audit   '@tailwindcss/oxide-linux-x64-musl': [ '4.3.1' ],
81 silly audit   '@tailwindcss/oxide-win32-arm64-msvc': [ '4.3.1' ],
81 silly audit   '@tailwindcss/oxide-win32-x64-msvc': [ '4.3.1' ],
81 silly audit   '@tailwindcss/postcss': [ '4.3.1' ],
81 silly audit   '@tybys/wasm-util': [ '0.10.3' ],
81 silly audit   '@types/estree': [ '1.0.9' ],
81 silly audit   '@types/json-schema': [ '7.0.15' ],
81 silly audit   '@types/json5': [ '0.0.29' ],
81 silly audit   '@types/node': [ '20.19.43' ],
81 silly audit   '@types/react': [ '19.2.17' ],
81 silly audit   '@types/react-dom': [ '19.2.3' ],
81 silly audit   '@typescript-eslint/eslint-plugin': [ '8.62.0' ],
81 silly audit   ignore: [ '7.0.5', '5.3.2' ],
81 silly audit   '@typescript-eslint/parser': [ '8.62.0' ],
81 silly audit   '@typescript-eslint/project-service': [ '8.62.0' ],
81 silly audit   '@typescript-eslint/scope-manager': [ '8.62.0' ],
81 silly audit   '@typescript-eslint/tsconfig-utils': [ '8.62.0' ],
81 silly audit   '@typescript-eslint/type-utils': [ '8.62.0' ],
81 silly audit   '@typescript-eslint/types': [ '8.62.0' ],
81 silly audit   '@typescript-eslint/typescript-estree': [ '8.62.0' ],
81 silly audit   'balanced-match': [ '4.0.4', '1.0.2' ],
81 silly audit   'brace-expansion': [ '5.0.6', '1.1.15' ],
81 silly audit   minimatch: [ '10.2.5', '3.1.5' ],
81 silly audit   semver: [ '7.8.5', '6.3.1' ],
81 silly audit   '@typescript-eslint/utils': [ '8.62.0' ],
81 silly audit   '@typescript-eslint/visitor-keys': [ '8.62.0' ],
81 silly audit   '@unrs/resolver-binding-android-arm-eabi': [ '1.12.2' ],
81 silly audit   '@unrs/resolver-binding-android-arm64': [ '1.12.2' ],
81 silly audit   '@unrs/resolver-binding-darwin-arm64': [ '1.12.2' ],
81 silly audit   '@unrs/resolver-binding-darwin-x64': [ '1.12.2' ],
81 silly audit   '@unrs/resolver-binding-freebsd-x64': [ '1.12.2' ],
81 silly audit   '@unrs/resolver-binding-linux-arm-gnueabihf': [ '1.12.2' ],
81 silly audit   '@unrs/resolver-binding-linux-arm-musleabihf': [ '1.12.2' ],
81 silly audit   '@unrs/resolver-binding-linux-arm64-gnu': [ '1.12.2' ],
81 silly audit   '@unrs/resolver-binding-linux-arm64-musl': [ '1.12.2' ],
81 silly audit   '@unrs/resolver-binding-linux-loong64-gnu': [ '1.12.2' ],
81 silly audit   '@unrs/resolver-binding-linux-loong64-musl': [ '1.12.2' ],
81 silly audit   '@unrs/resolver-binding-linux-ppc64-gnu': [ '1.12.2' ],
81 silly audit   '@unrs/resolver-binding-linux-riscv64-gnu': [ '1.12.2' ],
81 silly audit   '@unrs/resolver-binding-linux-riscv64-musl': [ '1.12.2' ],
81 silly audit   '@unrs/resolver-binding-linux-s390x-gnu': [ '1.12.2' ],
81 silly audit   '@unrs/resolver-binding-linux-x64-gnu': [ '1.12.2' ],
81 silly audit   '@unrs/resolver-binding-linux-x64-musl': [ '1.12.2' ],
81 silly audit   '@unrs/resolver-binding-openharmony-arm64': [ '1.12.2' ],
81 silly audit   '@unrs/resolver-binding-wasm32-wasi': [ '1.12.2' ],
81 silly audit   '@unrs/resolver-binding-win32-arm64-msvc': [ '1.12.2' ],
81 silly audit   '@unrs/resolver-binding-win32-ia32-msvc': [ '1.12.2' ],
81 silly audit   '@unrs/resolver-binding-win32-x64-msvc': [ '1.12.2' ],
81 silly audit   acorn: [ '8.17.0' ],
81 silly audit   'acorn-jsx': [ '5.3.2' ],
81 silly audit   ajv: [ '6.15.0' ],
81 silly audit   'ansi-styles': [ '4.3.0' ],
81 silly audit   argparse: [ '2.0.1' ],
81 silly audit   'aria-query': [ '5.3.2' ],
81 silly audit   'array-buffer-byte-length': [ '1.0.2' ],
81 silly audit   'array-includes': [ '3.1.9' ],
81 silly audit   'array.prototype.findlast': [ '1.2.5' ],
81 silly audit   'array.prototype.findlastindex': [ '1.2.6' ],
81 silly audit   'array.prototype.flat': [ '1.3.3' ],
81 silly audit   'array.prototype.flatmap': [ '1.3.3' ],
81 silly audit   'array.prototype.tosorted': [ '1.1.4' ],
81 silly audit   'arraybuffer.prototype.slice': [ '1.0.4' ],
81 silly audit   'ast-types-flow': [ '0.0.8' ],
81 silly audit   'async-function': [ '1.0.0' ],
81 silly audit   'available-typed-arrays': [ '1.0.7' ],
81 silly audit   'axe-core': [ '4.12.1' ],
81 silly audit   'axobject-query': [ '4.1.0' ],
81 silly audit   'baseline-browser-mapping': [ '2.10.40' ],
81 silly audit   braces: [ '3.0.3' ],
81 silly audit   browserslist: [ '4.28.4' ],
81 silly audit   'call-bind': [ '1.0.9' ],
81 silly audit   'call-bind-apply-helpers': [ '1.0.2' ],
81 silly audit   'call-bound': [ '1.0.4' ],
81 silly audit   callsites: [ '3.1.0' ],
81 silly audit   'caniuse-lite': [ '1.0.30001799' ],
81 silly audit   chalk: [ '4.1.2' ],
81 silly audit   'client-only': [ '0.0.1' ],
81 silly audit   'color-convert': [ '2.0.1' ],
81 silly audit   'color-name': [ '1.1.4' ],
81 silly audit   'concat-map': [ '0.0.1' ],
81 silly audit   'convert-source-map': [ '2.0.0' ],
81 silly audit   'cross-spawn': [ '7.0.6' ],
81 silly audit   csstype: [ '3.2.3' ],
81 silly audit   'damerau-levenshtein': [ '1.0.8' ],
81 silly audit   'data-view-buffer': [ '1.0.2' ],
81 silly audit   'data-view-byte-length': [ '1.0.2' ],
81 silly audit   'data-view-byte-offset': [ '1.0.1' ],
81 silly audit   debug: [ '4.4.3', '3.2.7' ],
81 silly audit   'deep-is': [ '0.1.4' ],
81 silly audit   'define-data-property': [ '1.1.4' ],
81 silly audit   'define-properties': [ '1.2.1' ],
81 silly audit   'detect-libc': [ '2.1.2' ],
81 silly audit   doctrine: [ '2.1.0' ],
81 silly audit   'dunder-proto': [ '1.0.1' ],
81 silly audit   'electron-to-chromium': [ '1.5.380' ],
81 silly audit   'emoji-regex': [ '9.2.2' ],
81 silly audit   'enhanced-resolve': [ '5.21.6' ],
81 silly audit   'es-abstract': [ '1.24.2' ],
81 silly audit   'es-abstract-get': [ '1.0.0' ],
81 silly audit   'es-define-property': [ '1.0.1' ],
81 silly audit   'es-errors': [ '1.3.0' ],
81 silly audit   'es-iterator-helpers': [ '1.3.3' ],
81 silly audit   'es-object-atoms': [ '1.1.2' ],
81 silly audit   'es-set-tostringtag': [ '2.1.0' ],
81 silly audit   'es-shim-unscopables': [ '1.1.0' ],
81 silly audit   'es-to-primitive': [ '1.3.4' ],
81 silly audit   escalade: [ '3.2.0' ],
81 silly audit   'escape-string-regexp': [ '4.0.0' ],
81 silly audit   eslint: [ '9.39.4' ],
81 silly audit   'eslint-config-next': [ '16.2.9' ],
81 silly audit   globals: [ '16.4.0', '14.0.0' ],
81 silly audit   'eslint-import-resolver-node': [ '0.3.10' ],
81 silly audit   'eslint-import-resolver-typescript': [ '3.10.1' ],
81 silly audit   'eslint-module-utils': [ '2.13.0' ],
81 silly audit   'eslint-plugin-import': [ '2.32.0' ],
81 silly audit   'eslint-plugin-jsx-a11y': [ '6.10.2' ],
81 silly audit   'eslint-plugin-react': [ '7.37.5' ],
81 silly audit   'eslint-plugin-react-hooks': [ '7.1.1' ],
81 silly audit   'eslint-scope': [ '8.4.0' ],
81 silly audit   espree: [ '10.4.0' ],
81 silly audit   esquery: [ '1.7.0' ],
81 silly audit   esrecurse: [ '4.3.0' ],
81 silly audit   estraverse: [ '5.3.0' ],
81 silly audit   esutils: [ '2.0.3' ],
81 silly audit   'fast-deep-equal': [ '3.1.3' ],
81 silly audit   'fast-glob': [ '3.3.1' ],
81 silly audit   'glob-parent': [ '5.1.2', '6.0.2' ],
81 silly audit   'fast-json-stable-stringify': [ '2.1.0' ],
81 silly audit   'fast-levenshtein': [ '2.0.6' ],
81 silly audit   fastq: [ '1.20.1' ],
81 silly audit   'file-entry-cache': [ '8.0.0' ],
81 silly audit   'fill-range': [ '7.1.1' ],
81 silly audit   'find-up': [ '5.0.0' ],
81 silly audit   'flat-cache': [ '4.0.1' ],
81 silly audit   flatted: [ '3.4.2' ],
81 silly audit   'for-each': [ '0.3.5' ],
81 silly audit   'function-bind': [ '1.1.2' ],
81 silly audit   'function.prototype.name': [ '1.2.0' ],
81 silly audit   'functions-have-names': [ '1.2.3' ],
81 silly audit   'generator-function': [ '2.0.1' ],
81 silly audit   gensync: [ '1.0.0-beta.2' ],
81 silly audit   'get-intrinsic': [ '1.3.0' ],
81 silly audit   'get-proto': [ '1.0.1' ],
81 silly audit   'get-symbol-description': [ '1.1.0' ],
81 silly audit   'get-tsconfig': [ '4.14.0' ],
81 silly audit   globalthis: [ '1.0.4' ],
81 silly audit   gopd: [ '1.2.0' ],
81 silly audit   'graceful-fs': [ '4.2.11' ],
81 silly audit   'has-bigints': [ '1.1.0' ],
81 silly audit   'has-flag': [ '4.0.0' ],
81 silly audit   'has-property-descriptors': [ '1.0.2' ],
81 silly audit   'has-proto': [ '1.2.0' ],
81 silly audit   'has-symbols': [ '1.1.0' ],
81 silly audit   'has-tostringtag': [ '1.0.2' ],
81 silly audit   hasown: [ '2.0.4' ],
81 silly audit   'hermes-estree': [ '0.25.1' ],
81 silly audit   'hermes-parser': [ '0.25.1' ],
81 silly audit   'import-fresh': [ '3.3.1' ],
81 silly audit   imurmurhash: [ '0.1.4' ],
81 silly audit   'internal-slot': [ '1.1.0' ],
81 silly audit   'is-array-buffer': [ '3.0.5' ],
81 silly audit   'is-async-function': [ '2.1.1' ],
81 silly audit   'is-bigint': [ '1.1.0' ],
81 silly audit   'is-boolean-object': [ '1.2.2' ],
81 silly audit   'is-bun-module': [ '2.0.0' ],
81 silly audit   'is-callable': [ '1.2.7' ],
81 silly audit   'is-core-module': [ '2.16.2' ],
81 silly audit   'is-data-view': [ '1.0.2' ],
81 silly audit   'is-date-object': [ '1.1.0' ],
81 silly audit   'is-document.all': [ '1.0.0' ],
81 silly audit   'is-extglob': [ '2.1.1' ],
81 silly audit   'is-finalizationregistry': [ '1.1.1' ],
81 silly audit   'is-generator-function': [ '1.1.2' ],
81 silly audit   'is-glob': [ '4.0.3' ],
81 silly audit   'is-map': [ '2.0.3' ],
81 silly audit   'is-negative-zero': [ '2.0.3' ],
81 silly audit   'is-number': [ '7.0.0' ],
81 silly audit   'is-number-object': [ '1.1.1' ],
81 silly audit   'is-regex': [ '1.2.1' ],
81 silly audit   'is-set': [ '2.0.3' ],
81 silly audit   'is-shared-array-buffer': [ '1.0.4' ],
81 silly audit   'is-string': [ '1.1.1' ],
81 silly audit   'is-symbol': [ '1.1.1' ],
81 silly audit   'is-typed-array': [ '1.1.15' ],
81 silly audit   'is-weakmap': [ '2.0.2' ],
81 silly audit   'is-weakref': [ '1.1.1' ],
81 silly audit   'is-weakset': [ '2.0.4' ],
81 silly audit   isarray: [ '2.0.5' ],
81 silly audit   isexe: [ '2.0.0' ],
81 silly audit   'iterator.prototype': [ '1.1.5' ],
81 silly audit   jiti: [ '2.7.0' ],
81 silly audit   'js-tokens': [ '4.0.0' ],
81 silly audit   'js-yaml': [ '4.3.0' ],
81 silly audit   jsesc: [ '3.1.0' ],
81 silly audit   'json-buffer': [ '3.0.1' ],
81 silly audit   'json-schema-traverse': [ '0.4.1' ],
81 silly audit   'json-stable-stringify-without-jsonify': [ '1.0.1' ],
81 silly audit   json5: [ '2.2.3', '1.0.2' ],
81 silly audit   'jsx-ast-utils': [ '3.3.5' ],
81 silly audit   keyv: [ '4.5.4' ],
81 silly audit   'language-subtag-registry': [ '0.3.23' ],
81 silly audit   'language-tags': [ '1.0.9' ],
81 silly audit   levn: [ '0.4.1' ],
81 silly audit   lightningcss: [ '1.32.0' ],
81 silly audit   'lightningcss-android-arm64': [ '1.32.0' ],
81 silly audit   'lightningcss-darwin-arm64': [ '1.32.0' ],
81 silly audit   'lightningcss-darwin-x64': [ '1.32.0' ],
81 silly audit   'lightningcss-freebsd-x64': [ '1.32.0' ],
81 silly audit   'lightningcss-linux-arm-gnueabihf': [ '1.32.0' ],
81 silly audit   'lightningcss-linux-arm64-gnu': [ '1.32.0' ],
81 silly audit   'lightningcss-linux-arm64-musl': [ '1.32.0' ],
81 silly audit   'lightningcss-linux-x64-gnu': [ '1.32.0' ],
81 silly audit   'lightningcss-linux-x64-musl': [ '1.32.0' ],
81 silly audit   'lightningcss-win32-arm64-msvc': [ '1.32.0' ],
81 silly audit   'lightningcss-win32-x64-msvc': [ '1.32.0' ],
81 silly audit   'locate-path': [ '6.0.0' ],
81 silly audit   'lodash.merge': [ '4.6.2' ],
81 silly audit   'loose-envify': [ '1.4.0' ],
81 silly audit   'lru-cache': [ '5.1.1' ],
81 silly audit   'magic-string': [ '0.30.21' ],
81 silly audit   'math-intrinsics': [ '1.1.0' ],
81 silly audit   merge2: [ '1.4.1' ],
81 silly audit   micromatch: [ '4.0.8' ],
81 silly audit   minimist: [ '1.2.8' ],
81 silly audit   ms: [ '2.1.3' ],
81 silly audit   nanoid: [ '3.3.15' ],
81 silly audit   'napi-postinstall': [ '0.3.4' ],
81 silly audit   'natural-compare': [ '1.4.0' ],
81 silly audit   next: [ '16.2.9' ],
81 silly audit   postcss: [ '8.4.31', '8.5.15' ],
81 silly audit   'node-exports-info': [ '1.6.2' ],
81 silly audit   'node-releases': [ '2.0.50' ],
81 silly audit   'object-assign': [ '4.1.1' ],
81 silly audit   'object-inspect': [ '1.13.4' ],
81 silly audit   'object-keys': [ '1.1.1' ],
81 silly audit   'object.assign': [ '4.1.7' ],
81 silly audit   'object.entries': [ '1.1.9' ],
81 silly audit   'object.fromentries': [ '2.0.8' ],
81 silly audit   'object.groupby': [ '1.0.3' ],
81 silly audit   'object.values': [ '1.2.1' ],
81 silly audit   optionator: [ '0.9.4' ],
81 silly audit   'own-keys': [ '1.0.1' ],
81 silly audit   'p-limit': [ '3.1.0' ],
81 silly audit   'p-locate': [ '5.0.0' ],
81 silly audit   'parent-module': [ '1.0.1' ],
81 silly audit   'path-exists': [ '4.0.0' ],
81 silly audit   'path-key': [ '3.1.1' ],
81 silly audit   'path-parse': [ '1.0.7' ],
81 silly audit   picocolors: [ '1.1.1' ],
81 silly audit   picomatch: [ '2.3.2', '4.0.4' ],
81 silly audit   'possible-typed-array-names': [ '1.1.0' ],
81 silly audit   'prelude-ls': [ '1.2.1' ],
81 silly audit   'prop-types': [ '15.8.1' ],
81 silly audit   punycode: [ '2.3.1' ],
81 silly audit   'queue-microtask': [ '1.2.3' ],
81 silly audit   react: [ '19.2.4' ],
81 silly audit   'react-dom': [ '19.2.4' ],
81 silly audit   'react-is': [ '16.13.1' ],
81 silly audit   'reflect.getprototypeof': [ '1.0.10' ],
81 silly audit   'regexp.prototype.flags': [ '1.5.4' ],
81 silly audit   resolve: [ '2.0.0-next.7' ],
81 silly audit   'resolve-from': [ '4.0.0' ],
81 silly audit   'resolve-pkg-maps': [ '1.0.0' ],
81 silly audit   reusify: [ '1.1.0' ],
81 silly audit   'run-parallel': [ '1.2.0' ],
81 silly audit   'safe-array-concat': [ '1.1.4' ],
81 silly audit   'safe-push-apply': [ '1.0.0' ],
81 silly audit   'safe-regex-test': [ '1.1.0' ],
81 silly audit   scheduler: [ '0.27.0' ],
81 silly audit   'set-function-length': [ '1.2.2' ],
81 silly audit   'set-function-name': [ '2.0.2' ],
81 silly audit   'set-proto': [ '1.0.0' ],
81 silly audit   sharp: [ '0.34.5' ],
81 silly audit   'shebang-command': [ '2.0.0' ],
81 silly audit   'shebang-regex': [ '3.0.0' ],
81 silly audit   'side-channel': [ '1.1.1' ],
81 silly audit   'side-channel-list': [ '1.0.1' ],
81 silly audit   'side-channel-map': [ '1.0.1' ],
81 silly audit   'side-channel-weakmap': [ '1.0.2' ],
81 silly audit   'source-map-js': [ '1.2.1' ],
81 silly audit   'stable-hash': [ '0.0.5' ],
81 silly audit   'stop-iteration-iterator': [ '1.1.0' ],
81 silly audit   'string.prototype.includes': [ '2.0.1' ],
81 silly audit   'string.prototype.matchall': [ '4.0.12' ],
81 silly audit   'string.prototype.repeat': [ '1.0.0' ],
81 silly audit   'string.prototype.trim': [ '1.2.11' ],
81 silly audit   'string.prototype.trimend': [ '1.0.10' ],
81 silly audit   'string.prototype.trimstart': [ '1.0.8' ],
81 silly audit   'strip-bom': [ '3.0.0' ],
81 silly audit   'strip-json-comments': [ '3.1.1' ],
81 silly audit   'styled-jsx': [ '5.1.6' ],
81 silly audit   'supports-color': [ '7.2.0' ],
81 silly audit   'supports-preserve-symlinks-flag': [ '1.0.0' ],
81 silly audit   tailwindcss: [ '4.3.1' ],
81 silly audit   tapable: [ '2.3.3' ],
81 silly audit   tinyglobby: [ '0.2.17' ],
81 silly audit   fdir: [ '6.5.0' ],
81 silly audit   'to-regex-range': [ '5.0.1' ],
81 silly audit   'ts-api-utils': [ '2.5.0' ],
81 silly audit   'tsconfig-paths': [ '3.15.0' ],
81 silly audit   tslib: [ '2.8.1' ],
81 silly audit   'type-check': [ '0.4.0' ],
81 silly audit   'typed-array-buffer': [ '1.0.3' ],
81 silly audit   'typed-array-byte-length': [ '1.0.3' ],
81 silly audit   'typed-array-byte-offset': [ '1.0.4' ],
81 silly audit   'typed-array-length': [ '1.0.8' ],
81 silly audit   typescript: [ '5.9.3' ],
81 silly audit   'typescript-eslint': [ '8.62.0' ],
81 silly audit   'unbox-primitive': [ '1.1.0' ],
81 silly audit   'undici-types': [ '6.21.0' ],
81 silly audit   'unrs-resolver': [ '1.12.2' ],
81 silly audit   'update-browserslist-db': [ '1.2.3' ],
81 silly audit   'uri-js': [ '4.4.1' ],
81 silly audit   which: [ '2.0.2' ],
81 silly audit   'which-boxed-primitive': [ '1.1.1' ],
81 silly audit   'which-builtin-type': [ '1.2.1' ],
81 silly audit   'which-collection': [ '1.0.2' ],
81 silly audit   'which-typed-array': [ '1.1.22' ],
81 silly audit   'word-wrap': [ '1.2.5' ],
81 silly audit   yallist: [ '3.1.1' ],
81 silly audit   'yocto-queue': [ '0.1.0' ],
81 silly audit   zod: [ '4.4.3' ],
81 silly audit   'zod-validation-error': [ '4.0.2' ],
81 silly audit   '@google/generative-ai': [ '0.24.1' ],
81 silly audit   '@supabase/supabase-js': [ '2.108.2' ],
81 silly audit   clsx: [ '2.1.1' ],
81 silly audit   'lucide-react': [ '1.21.0' ],
81 silly audit   'tailwind-merge': [ '3.6.0' ],
81 silly audit   '@supabase/auth-js': [ '2.108.2' ],
81 silly audit   '@supabase/functions-js': [ '2.108.2' ],
81 silly audit   '@supabase/postgrest-js': [ '2.108.2' ],
81 silly audit   '@supabase/realtime-js': [ '2.108.2' ],
81 silly audit   '@supabase/storage-js': [ '2.108.2' ],
81 silly audit   '@supabase/phoenix': [ '0.4.4' ],
81 silly audit   'iceberg-js': [ '0.8.1' ],
81 silly audit   '@tailwindcss/oxide-wasm32-wasi': [ '4.3.1' ]
81 silly audit }
82 verbose reify failed optional dependency D:\MON3750\Reactor_Academy_app\Reactor-Academy\node_modules\lightningcss-win32-arm64-msvc
83 silly reify mark deleted [
83 silly reify   'D:\\MON3750\\Reactor_Academy_app\\Reactor-Academy\\node_modules\\lightningcss-win32-arm64-msvc'
83 silly reify ]
84 verbose reify failed optional dependency D:\MON3750\Reactor_Academy_app\Reactor-Academy\node_modules\lightningcss-linux-x64-musl
85 silly reify mark deleted [
85 silly reify   'D:\\MON3750\\Reactor_Academy_app\\Reactor-Academy\\node_modules\\lightningcss-linux-x64-musl'
85 silly reify ]
86 verbose reify failed optional dependency D:\MON3750\Reactor_Academy_app\Reactor-Academy\node_modules\lightningcss-linux-x64-gnu
87 silly reify mark deleted [
87 silly reify   'D:\\MON3750\\Reactor_Academy_app\\Reactor-Academy\\node_modules\\lightningcss-linux-x64-gnu'
87 silly reify ]
88 verbose reify failed optional dependency D:\MON3750\Reactor_Academy_app\Reactor-Academy\node_modules\lightningcss-linux-arm64-musl
89 silly reify mark deleted [
89 silly reify   'D:\\MON3750\\Reactor_Academy_app\\Reactor-Academy\\node_modules\\lightningcss-linux-arm64-musl'
89 silly reify ]
90 verbose reify failed optional dependency D:\MON3750\Reactor_Academy_app\Reactor-Academy\node_modules\lightningcss-linux-arm64-gnu
91 silly reify mark deleted [
91 silly reify   'D:\\MON3750\\Reactor_Academy_app\\Reactor-Academy\\node_modules\\lightningcss-linux-arm64-gnu'
91 silly reify ]
92 verbose reify failed optional dependency D:\MON3750\Reactor_Academy_app\Reactor-Academy\node_modules\lightningcss-linux-arm-gnueabihf
93 silly reify mark deleted [
93 silly reify   'D:\\MON3750\\Reactor_Academy_app\\Reactor-Academy\\node_modules\\lightningcss-linux-arm-gnueabihf'
93 silly reify ]
94 verbose reify failed optional dependency D:\MON3750\Reactor_Academy_app\Reactor-Academy\node_modules\lightningcss-freebsd-x64
95 silly reify mark deleted [
95 silly reify   'D:\\MON3750\\Reactor_Academy_app\\Reactor-Academy\\node_modules\\lightningcss-freebsd-x64'
95 silly reify ]
96 verbose reify failed optional dependency D:\MON3750\Reactor_Academy_app\Reactor-Academy\node_modules\lightningcss-darwin-x64
97 silly reify mark deleted [
97 silly reify   'D:\\MON3750\\Reactor_Academy_app\\Reactor-Academy\\node_modules\\lightningcss-darwin-x64'
97 silly reify ]
98 verbose reify failed optional dependency D:\MON3750\Reactor_Academy_app\Reactor-Academy\node_modules\lightningcss-darwin-arm64
99 silly reify mark deleted [
99 silly reify   'D:\\MON3750\\Reactor_Academy_app\\Reactor-Academy\\node_modules\\lightningcss-darwin-arm64'
99 silly reify ]
100 verbose reify failed optional dependency D:\MON3750\Reactor_Academy_app\Reactor-Academy\node_modules\lightningcss-android-arm64
101 silly reify mark deleted [
101 silly reify   'D:\\MON3750\\Reactor_Academy_app\\Reactor-Academy\\node_modules\\lightningcss-android-arm64'
101 silly reify ]
102 verbose reify failed optional dependency D:\MON3750\Reactor_Academy_app\Reactor-Academy\node_modules\@unrs\resolver-binding-win32-ia32-msvc
103 silly reify mark deleted [
103 silly reify   'D:\\MON3750\\Reactor_Academy_app\\Reactor-Academy\\node_modules\\@unrs\\resolver-binding-win32-ia32-msvc'
103 silly reify ]
104 verbose reify failed optional dependency D:\MON3750\Reactor_Academy_app\Reactor-Academy\node_modules\@unrs\resolver-binding-win32-arm64-msvc
105 silly reify mark deleted [
105 silly reify   'D:\\MON3750\\Reactor_Academy_app\\Reactor-Academy\\node_modules\\@unrs\\resolver-binding-win32-arm64-msvc'
105 silly reify ]
106 verbose reify failed optional dependency D:\MON3750\Reactor_Academy_app\Reactor-Academy\node_modules\@unrs\resolver-binding-wasm32-wasi
107 silly reify mark deleted [
107 silly reify   'D:\\MON3750\\Reactor_Academy_app\\Reactor-Academy\\node_modules\\@unrs\\resolver-binding-wasm32-wasi'
107 silly reify ]
108 verbose reify failed optional dependency D:\MON3750\Reactor_Academy_app\Reactor-Academy\node_modules\@unrs\resolver-binding-wasm32-wasi\node_modules\@emnapi\runtime
109 silly reify mark deleted [
109 silly reify   'D:\\MON3750\\Reactor_Academy_app\\Reactor-Academy\\node_modules\\@unrs\\resolver-binding-wasm32-wasi\\node_modules\\@emnapi\\runtime'
109 silly reify ]
110 verbose reify failed optional dependency D:\MON3750\Reactor_Academy_app\Reactor-Academy\node_modules\@unrs\resolver-binding-openharmony-arm64
111 silly reify mark deleted [
111 silly reify   'D:\\MON3750\\Reactor_Academy_app\\Reactor-Academy\\node_modules\\@unrs\\resolver-binding-openharmony-arm64'
111 silly reify ]
112 verbose reify failed optional dependency D:\MON3750\Reactor_Academy_app\Reactor-Academy\node_modules\@unrs\resolver-binding-linux-x64-musl
113 silly reify mark deleted [
113 silly reify   'D:\\MON3750\\Reactor_Academy_app\\Reactor-Academy\\node_modules\\@unrs\\resolver-binding-linux-x64-musl'
113 silly reify ]
114 verbose reify failed optional dependency D:\MON3750\Reactor_Academy_app\Reactor-Academy\node_modules\@unrs\resolver-binding-linux-x64-gnu
115 silly reify mark deleted [
115 silly reify   'D:\\MON3750\\Reactor_Academy_app\\Reactor-Academy\\node_modules\\@unrs\\resolver-binding-linux-x64-gnu'
115 silly reify ]
116 verbose reify failed optional dependency D:\MON3750\Reactor_Academy_app\Reactor-Academy\node_modules\@unrs\resolver-binding-linux-s390x-gnu
117 silly reify mark deleted [
117 silly reify   'D:\\MON3750\\Reactor_Academy_app\\Reactor-Academy\\node_modules\\@unrs\\resolver-binding-linux-s390x-gnu'
117 silly reify ]
118 verbose reify failed optional dependency D:\MON3750\Reactor_Academy_app\Reactor-Academy\node_modules\@unrs\resolver-binding-linux-riscv64-musl
119 silly reify mark deleted [
119 silly reify   'D:\\MON3750\\Reactor_Academy_app\\Reactor-Academy\\node_modules\\@unrs\\resolver-binding-linux-riscv64-musl'
119 silly reify ]
120 verbose reify failed optional dependency D:\MON3750\Reactor_Academy_app\Reactor-Academy\node_modules\@unrs\resolver-binding-linux-riscv64-gnu
121 silly reify mark deleted [
121 silly reify   'D:\\MON3750\\Reactor_Academy_app\\Reactor-Academy\\node_modules\\@unrs\\resolver-binding-linux-riscv64-gnu'
121 silly reify ]
122 verbose reify failed optional dependency D:\MON3750\Reactor_Academy_app\Reactor-Academy\node_modules\@unrs\resolver-binding-linux-ppc64-gnu
123 silly reify mark deleted [
123 silly reify   'D:\\MON3750\\Reactor_Academy_app\\Reactor-Academy\\node_modules\\@unrs\\resolver-binding-linux-ppc64-gnu'
123 silly reify ]
124 verbose reify failed optional dependency D:\MON3750\Reactor_Academy_app\Reactor-Academy\node_modules\@unrs\resolver-binding-linux-loong64-musl
125 silly reify mark deleted [
125 silly reify   'D:\\MON3750\\Reactor_Academy_app\\Reactor-Academy\\node_modules\\@unrs\\resolver-binding-linux-loong64-musl'
125 silly reify ]
126 verbose reify failed optional dependency D:\MON3750\Reactor_Academy_app\Reactor-Academy\node_modules\@unrs\resolver-binding-linux-loong64-gnu
127 silly reify mark deleted [
127 silly reify   'D:\\MON3750\\Reactor_Academy_app\\Reactor-Academy\\node_modules\\@unrs\\resolver-binding-linux-loong64-gnu'
127 silly reify ]
128 verbose reify failed optional dependency D:\MON3750\Reactor_Academy_app\Reactor-Academy\node_modules\@unrs\resolver-binding-linux-arm64-musl
129 silly reify mark deleted [
129 silly reify   'D:\\MON3750\\Reactor_Academy_app\\Reactor-Academy\\node_modules\\@unrs\\resolver-binding-linux-arm64-musl'
129 silly reify ]
130 verbose reify failed optional dependency D:\MON3750\Reactor_Academy_app\Reactor-Academy\node_modules\@unrs\resolver-binding-linux-arm64-gnu
131 silly reify mark deleted [
131 silly reify   'D:\\MON3750\\Reactor_Academy_app\\Reactor-Academy\\node_modules\\@unrs\\resolver-binding-linux-arm64-gnu'
131 silly reify ]
132 verbose reify failed optional dependency D:\MON3750\Reactor_Academy_app\Reactor-Academy\node_modules\@unrs\resolver-binding-linux-arm-musleabihf
133 silly reify mark deleted [
133 silly reify   'D:\\MON3750\\Reactor_Academy_app\\Reactor-Academy\\node_modules\\@unrs\\resolver-binding-linux-arm-musleabihf'
133 silly reify ]
134 verbose reify failed optional dependency D:\MON3750\Reactor_Academy_app\Reactor-Academy\node_modules\@unrs\resolver-binding-linux-arm-gnueabihf
135 silly reify mark deleted [
135 silly reify   'D:\\MON3750\\Reactor_Academy_app\\Reactor-Academy\\node_modules\\@unrs\\resolver-binding-linux-arm-gnueabihf'
135 silly reify ]
136 verbose reify failed optional dependency D:\MON3750\Reactor_Academy_app\Reactor-Academy\node_modules\@unrs\resolver-binding-freebsd-x64
137 silly reify mark deleted [
137 silly reify   'D:\\MON3750\\Reactor_Academy_app\\Reactor-Academy\\node_modules\\@unrs\\resolver-binding-freebsd-x64'
137 silly reify ]
138 verbose reify failed optional dependency D:\MON3750\Reactor_Academy_app\Reactor-Academy\node_modules\@unrs\resolver-binding-darwin-x64
139 silly reify mark deleted [
139 silly reify   'D:\\MON3750\\Reactor_Academy_app\\Reactor-Academy\\node_modules\\@unrs\\resolver-binding-darwin-x64'
139 silly reify ]
140 verbose reify failed optional dependency D:\MON3750\Reactor_Academy_app\Reactor-Academy\node_modules\@unrs\resolver-binding-darwin-arm64
141 silly reify mark deleted [
141 silly reify   'D:\\MON3750\\Reactor_Academy_app\\Reactor-Academy\\node_modules\\@unrs\\resolver-binding-darwin-arm64'
141 silly reify ]
142 verbose reify failed optional dependency D:\MON3750\Reactor_Academy_app\Reactor-Academy\node_modules\@unrs\resolver-binding-android-arm64
143 silly reify mark deleted [
143 silly reify   'D:\\MON3750\\Reactor_Academy_app\\Reactor-Academy\\node_modules\\@unrs\\resolver-binding-android-arm64'
143 silly reify ]
144 verbose reify failed optional dependency D:\MON3750\Reactor_Academy_app\Reactor-Academy\node_modules\@unrs\resolver-binding-android-arm-eabi
145 silly reify mark deleted [
145 silly reify   'D:\\MON3750\\Reactor_Academy_app\\Reactor-Academy\\node_modules\\@unrs\\resolver-binding-android-arm-eabi'
145 silly reify ]
146 verbose reify failed optional dependency D:\MON3750\Reactor_Academy_app\Reactor-Academy\node_modules\@tailwindcss\oxide-win32-arm64-msvc
147 silly reify mark deleted [
147 silly reify   'D:\\MON3750\\Reactor_Academy_app\\Reactor-Academy\\node_modules\\@tailwindcss\\oxide-win32-arm64-msvc'
147 silly reify ]
148 verbose reify failed optional dependency D:\MON3750\Reactor_Academy_app\Reactor-Academy\node_modules\@tailwindcss\oxide-linux-x64-musl
149 silly reify mark deleted [
149 silly reify   'D:\\MON3750\\Reactor_Academy_app\\Reactor-Academy\\node_modules\\@tailwindcss\\oxide-linux-x64-musl'
149 silly reify ]
150 verbose reify failed optional dependency D:\MON3750\Reactor_Academy_app\Reactor-Academy\node_modules\@tailwindcss\oxide-linux-x64-gnu
151 silly reify mark deleted [
151 silly reify   'D:\\MON3750\\Reactor_Academy_app\\Reactor-Academy\\node_modules\\@tailwindcss\\oxide-linux-x64-gnu'
151 silly reify ]
152 verbose reify failed optional dependency D:\MON3750\Reactor_Academy_app\Reactor-Academy\node_modules\@tailwindcss\oxide-linux-arm64-musl
153 silly reify mark deleted [
153 silly reify   'D:\\MON3750\\Reactor_Academy_app\\Reactor-Academy\\node_modules\\@tailwindcss\\oxide-linux-arm64-musl'
153 silly reify ]
154 verbose reify failed optional dependency D:\MON3750\Reactor_Academy_app\Reactor-Academy\node_modules\@tailwindcss\oxide-linux-arm64-gnu
155 silly reify mark deleted [
155 silly reify   'D:\\MON3750\\Reactor_Academy_app\\Reactor-Academy\\node_modules\\@tailwindcss\\oxide-linux-arm64-gnu'
155 silly reify ]
156 verbose reify failed optional dependency D:\MON3750\Reactor_Academy_app\Reactor-Academy\node_modules\@tailwindcss\oxide-linux-arm-gnueabihf
157 silly reify mark deleted [
157 silly reify   'D:\\MON3750\\Reactor_Academy_app\\Reactor-Academy\\node_modules\\@tailwindcss\\oxide-linux-arm-gnueabihf'
157 silly reify ]
158 verbose reify failed optional dependency D:\MON3750\Reactor_Academy_app\Reactor-Academy\node_modules\@tailwindcss\oxide-freebsd-x64
159 silly reify mark deleted [
159 silly reify   'D:\\MON3750\\Reactor_Academy_app\\Reactor-Academy\\node_modules\\@tailwindcss\\oxide-freebsd-x64'
159 silly reify ]
160 verbose reify failed optional dependency D:\MON3750\Reactor_Academy_app\Reactor-Academy\node_modules\@tailwindcss\oxide-darwin-x64
161 silly reify mark deleted [
161 silly reify   'D:\\MON3750\\Reactor_Academy_app\\Reactor-Academy\\node_modules\\@tailwindcss\\oxide-darwin-x64'
161 silly reify ]
162 verbose reify failed optional dependency D:\MON3750\Reactor_Academy_app\Reactor-Academy\node_modules\@tailwindcss\oxide-darwin-arm64
163 silly reify mark deleted [
163 silly reify   'D:\\MON3750\\Reactor_Academy_app\\Reactor-Academy\\node_modules\\@tailwindcss\\oxide-darwin-arm64'
163 silly reify ]
164 verbose reify failed optional dependency D:\MON3750\Reactor_Academy_app\Reactor-Academy\node_modules\@tailwindcss\oxide-android-arm64
165 silly reify mark deleted [
165 silly reify   'D:\\MON3750\\Reactor_Academy_app\\Reactor-Academy\\node_modules\\@tailwindcss\\oxide-android-arm64'
165 silly reify ]
166 verbose reify failed optional dependency D:\MON3750\Reactor_Academy_app\Reactor-Academy\node_modules\@next\swc-win32-arm64-msvc
167 silly reify mark deleted [
167 silly reify   'D:\\MON3750\\Reactor_Academy_app\\Reactor-Academy\\node_modules\\@next\\swc-win32-arm64-msvc'
167 silly reify ]
168 verbose reify failed optional dependency D:\MON3750\Reactor_Academy_app\Reactor-Academy\node_modules\@next\swc-linux-x64-musl
169 silly reify mark deleted [
169 silly reify   'D:\\MON3750\\Reactor_Academy_app\\Reactor-Academy\\node_modules\\@next\\swc-linux-x64-musl'
169 silly reify ]
170 verbose reify failed optional dependency D:\MON3750\Reactor_Academy_app\Reactor-Academy\node_modules\@next\swc-linux-x64-gnu
171 silly reify mark deleted [
171 silly reify   'D:\\MON3750\\Reactor_Academy_app\\Reactor-Academy\\node_modules\\@next\\swc-linux-x64-gnu'
171 silly reify ]
172 verbose reify failed optional dependency D:\MON3750\Reactor_Academy_app\Reactor-Academy\node_modules\@next\swc-linux-arm64-musl
173 silly reify mark deleted [
173 silly reify   'D:\\MON3750\\Reactor_Academy_app\\Reactor-Academy\\node_modules\\@next\\swc-linux-arm64-musl'
173 silly reify ]
174 verbose reify failed optional dependency D:\MON3750\Reactor_Academy_app\Reactor-Academy\node_modules\@next\swc-linux-arm64-gnu
175 silly reify mark deleted [
175 silly reify   'D:\\MON3750\\Reactor_Academy_app\\Reactor-Academy\\node_modules\\@next\\swc-linux-arm64-gnu'
175 silly reify ]
176 verbose reify failed optional dependency D:\MON3750\Reactor_Academy_app\Reactor-Academy\node_modules\@next\swc-darwin-x64
177 silly reify mark deleted [
177 silly reify   'D:\\MON3750\\Reactor_Academy_app\\Reactor-Academy\\node_modules\\@next\\swc-darwin-x64'
177 silly reify ]
178 verbose reify failed optional dependency D:\MON3750\Reactor_Academy_app\Reactor-Academy\node_modules\@next\swc-darwin-arm64
179 silly reify mark deleted [
179 silly reify   'D:\\MON3750\\Reactor_Academy_app\\Reactor-Academy\\node_modules\\@next\\swc-darwin-arm64'
179 silly reify ]
180 verbose reify failed optional dependency D:\MON3750\Reactor_Academy_app\Reactor-Academy\node_modules\@img\sharp-win32-ia32
181 silly reify mark deleted [
181 silly reify   'D:\\MON3750\\Reactor_Academy_app\\Reactor-Academy\\node_modules\\@img\\sharp-win32-ia32'
181 silly reify ]
182 verbose reify failed optional dependency D:\MON3750\Reactor_Academy_app\Reactor-Academy\node_modules\@img\sharp-win32-arm64
183 silly reify mark deleted [
183 silly reify   'D:\\MON3750\\Reactor_Academy_app\\Reactor-Academy\\node_modules\\@img\\sharp-win32-arm64'
183 silly reify ]
184 verbose reify failed optional dependency D:\MON3750\Reactor_Academy_app\Reactor-Academy\node_modules\@img\sharp-wasm32
185 silly reify mark deleted [
185 silly reify   'D:\\MON3750\\Reactor_Academy_app\\Reactor-Academy\\node_modules\\@img\\sharp-wasm32'
185 silly reify ]
186 verbose reify failed optional dependency D:\MON3750\Reactor_Academy_app\Reactor-Academy\node_modules\@img\sharp-linuxmusl-x64
187 silly reify mark deleted [
187 silly reify   'D:\\MON3750\\Reactor_Academy_app\\Reactor-Academy\\node_modules\\@img\\sharp-linuxmusl-x64'
187 silly reify ]
188 verbose reify failed optional dependency D:\MON3750\Reactor_Academy_app\Reactor-Academy\node_modules\@img\sharp-linuxmusl-arm64
189 silly reify mark deleted [
189 silly reify   'D:\\MON3750\\Reactor_Academy_app\\Reactor-Academy\\node_modules\\@img\\sharp-linuxmusl-arm64'
189 silly reify ]
190 verbose reify failed optional dependency D:\MON3750\Reactor_Academy_app\Reactor-Academy\node_modules\@img\sharp-linux-x64
191 silly reify mark deleted [
191 silly reify   'D:\\MON3750\\Reactor_Academy_app\\Reactor-Academy\\node_modules\\@img\\sharp-linux-x64'
191 silly reify ]
192 verbose reify failed optional dependency D:\MON3750\Reactor_Academy_app\Reactor-Academy\node_modules\@img\sharp-linux-s390x
193 silly reify mark deleted [
193 silly reify   'D:\\MON3750\\Reactor_Academy_app\\Reactor-Academy\\node_modules\\@img\\sharp-linux-s390x'
193 silly reify ]
194 verbose reify failed optional dependency D:\MON3750\Reactor_Academy_app\Reactor-Academy\node_modules\@img\sharp-linux-riscv64
195 silly reify mark deleted [
195 silly reify   'D:\\MON3750\\Reactor_Academy_app\\Reactor-Academy\\node_modules\\@img\\sharp-linux-riscv64'
195 silly reify ]
196 verbose reify failed optional dependency D:\MON3750\Reactor_Academy_app\Reactor-Academy\node_modules\@img\sharp-linux-ppc64
197 silly reify mark deleted [
197 silly reify   'D:\\MON3750\\Reactor_Academy_app\\Reactor-Academy\\node_modules\\@img\\sharp-linux-ppc64'
197 silly reify ]
198 verbose reify failed optional dependency D:\MON3750\Reactor_Academy_app\Reactor-Academy\node_modules\@img\sharp-linux-arm64
199 silly reify mark deleted [
199 silly reify   'D:\\MON3750\\Reactor_Academy_app\\Reactor-Academy\\node_modules\\@img\\sharp-linux-arm64'
199 silly reify ]
200 verbose reify failed optional dependency D:\MON3750\Reactor_Academy_app\Reactor-Academy\node_modules\@img\sharp-linux-arm
201 silly reify mark deleted [
201 silly reify   'D:\\MON3750\\Reactor_Academy_app\\Reactor-Academy\\node_modules\\@img\\sharp-linux-arm'
201 silly reify ]
202 verbose reify failed optional dependency D:\MON3750\Reactor_Academy_app\Reactor-Academy\node_modules\@img\sharp-libvips-linuxmusl-x64
203 silly reify mark deleted [
203 silly reify   'D:\\MON3750\\Reactor_Academy_app\\Reactor-Academy\\node_modules\\@img\\sharp-libvips-linuxmusl-x64'
203 silly reify ]
204 verbose reify failed optional dependency D:\MON3750\Reactor_Academy_app\Reactor-Academy\node_modules\@img\sharp-libvips-linuxmusl-arm64
205 silly reify mark deleted [
205 silly reify   'D:\\MON3750\\Reactor_Academy_app\\Reactor-Academy\\node_modules\\@img\\sharp-libvips-linuxmusl-arm64'
205 silly reify ]
206 verbose reify failed optional dependency D:\MON3750\Reactor_Academy_app\Reactor-Academy\node_modules\@img\sharp-libvips-linux-x64
207 silly reify mark deleted [
207 silly reify   'D:\\MON3750\\Reactor_Academy_app\\Reactor-Academy\\node_modules\\@img\\sharp-libvips-linux-x64'
207 silly reify ]
208 verbose reify failed optional dependency D:\MON3750\Reactor_Academy_app\Reactor-Academy\node_modules\@img\sharp-libvips-linux-s390x
209 silly reify mark deleted [
209 silly reify   'D:\\MON3750\\Reactor_Academy_app\\Reactor-Academy\\node_modules\\@img\\sharp-libvips-linux-s390x'
209 silly reify ]
210 verbose reify failed optional dependency D:\MON3750\Reactor_Academy_app\Reactor-Academy\node_modules\@img\sharp-libvips-linux-riscv64
211 silly reify mark deleted [
211 silly reify   'D:\\MON3750\\Reactor_Academy_app\\Reactor-Academy\\node_modules\\@img\\sharp-libvips-linux-riscv64'
211 silly reify ]
212 verbose reify failed optional dependency D:\MON3750\Reactor_Academy_app\Reactor-Academy\node_modules\@img\sharp-libvips-linux-ppc64
213 silly reify mark deleted [
213 silly reify   'D:\\MON3750\\Reactor_Academy_app\\Reactor-Academy\\node_modules\\@img\\sharp-libvips-linux-ppc64'
213 silly reify ]
214 verbose reify failed optional dependency D:\MON3750\Reactor_Academy_app\Reactor-Academy\node_modules\@img\sharp-libvips-linux-arm64
215 silly reify mark deleted [
215 silly reify   'D:\\MON3750\\Reactor_Academy_app\\Reactor-Academy\\node_modules\\@img\\sharp-libvips-linux-arm64'
215 silly reify ]
216 verbose reify failed optional dependency D:\MON3750\Reactor_Academy_app\Reactor-Academy\node_modules\@img\sharp-libvips-linux-arm
217 silly reify mark deleted [
217 silly reify   'D:\\MON3750\\Reactor_Academy_app\\Reactor-Academy\\node_modules\\@img\\sharp-libvips-linux-arm'
217 silly reify ]
218 verbose reify failed optional dependency D:\MON3750\Reactor_Academy_app\Reactor-Academy\node_modules\@img\sharp-libvips-darwin-x64
219 silly reify mark deleted [
219 silly reify   'D:\\MON3750\\Reactor_Academy_app\\Reactor-Academy\\node_modules\\@img\\sharp-libvips-darwin-x64'
219 silly reify ]
220 verbose reify failed optional dependency D:\MON3750\Reactor_Academy_app\Reactor-Academy\node_modules\@img\sharp-libvips-darwin-arm64
221 silly reify mark deleted [
221 silly reify   'D:\\MON3750\\Reactor_Academy_app\\Reactor-Academy\\node_modules\\@img\\sharp-libvips-darwin-arm64'
221 silly reify ]
222 verbose reify failed optional dependency D:\MON3750\Reactor_Academy_app\Reactor-Academy\node_modules\@img\sharp-darwin-x64
223 silly reify mark deleted [
223 silly reify   'D:\\MON3750\\Reactor_Academy_app\\Reactor-Academy\\node_modules\\@img\\sharp-darwin-x64'
223 silly reify ]
224 verbose reify failed optional dependency D:\MON3750\Reactor_Academy_app\Reactor-Academy\node_modules\@img\sharp-darwin-arm64
225 silly reify mark deleted [
225 silly reify   'D:\\MON3750\\Reactor_Academy_app\\Reactor-Academy\\node_modules\\@img\\sharp-darwin-arm64'
225 silly reify ]
226 http cache iceberg-js@https://registry.npmjs.org/iceberg-js/-/iceberg-js-0.8.1.tgz 0ms (cache hit)
227 http cache @supabase/phoenix@https://registry.npmjs.org/@supabase/phoenix/-/phoenix-0.4.4.tgz 0ms (cache hit)
228 http cache @supabase/storage-js@https://registry.npmjs.org/@supabase/storage-js/-/storage-js-2.108.2.tgz 0ms (cache hit)
229 http cache @supabase/realtime-js@https://registry.npmjs.org/@supabase/realtime-js/-/realtime-js-2.108.2.tgz 0ms (cache hit)
230 http cache @supabase/functions-js@https://registry.npmjs.org/@supabase/functions-js/-/functions-js-2.108.2.tgz 0ms (cache hit)
231 http cache tailwind-merge@https://registry.npmjs.org/tailwind-merge/-/tailwind-merge-3.6.0.tgz 0ms (cache hit)
232 http cache lucide-react@https://registry.npmjs.org/lucide-react/-/lucide-react-1.21.0.tgz 0ms (cache hit)
233 http cache clsx@https://registry.npmjs.org/clsx/-/clsx-2.1.1.tgz 0ms (cache hit)
234 http cache @google/generative-ai@https://registry.npmjs.org/@google/generative-ai/-/generative-ai-0.24.1.tgz 0ms (cache hit)
235 http cache @emnapi/runtime@https://registry.npmjs.org/@emnapi/runtime/-/runtime-1.10.0.tgz 1ms (cache hit)
236 silly tarball no local data for iceberg-js@https://registry.npmjs.org/iceberg-js/-/iceberg-js-0.8.1.tgz. Extracting by manifest.
237 http cache @supabase/auth-js@https://registry.npmjs.org/@supabase/auth-js/-/auth-js-2.108.2.tgz 0ms (cache hit)
238 silly tarball no local data for @supabase/phoenix@https://registry.npmjs.org/@supabase/phoenix/-/phoenix-0.4.4.tgz. Extracting by manifest.
239 silly tarball no local data for @supabase/storage-js@https://registry.npmjs.org/@supabase/storage-js/-/storage-js-2.108.2.tgz. Extracting by manifest.
240 silly tarball no local data for @supabase/realtime-js@https://registry.npmjs.org/@supabase/realtime-js/-/realtime-js-2.108.2.tgz. Extracting by manifest.
241 silly tarball no local data for @supabase/functions-js@https://registry.npmjs.org/@supabase/functions-js/-/functions-js-2.108.2.tgz. Extracting by manifest.
242 silly tarball no local data for tailwind-merge@https://registry.npmjs.org/tailwind-merge/-/tailwind-merge-3.6.0.tgz. Extracting by manifest.
243 silly tarball no local data for lucide-react@https://registry.npmjs.org/lucide-react/-/lucide-react-1.21.0.tgz. Extracting by manifest.
244 silly tarball no local data for clsx@https://registry.npmjs.org/clsx/-/clsx-2.1.1.tgz. Extracting by manifest.
245 silly tarball no local data for @google/generative-ai@https://registry.npmjs.org/@google/generative-ai/-/generative-ai-0.24.1.tgz. Extracting by manifest.
246 http cache @supabase/postgrest-js@https://registry.npmjs.org/@supabase/postgrest-js/-/postgrest-js-2.108.2.tgz 0ms (cache hit)
247 http cache @supabase/supabase-js@https://registry.npmjs.org/@supabase/supabase-js/-/supabase-js-2.108.2.tgz 0ms (cache hit)
248 silly tarball no local data for @supabase/auth-js@https://registry.npmjs.org/@supabase/auth-js/-/auth-js-2.108.2.tgz. Extracting by manifest.
249 silly tarball no local data for @supabase/postgrest-js@https://registry.npmjs.org/@supabase/postgrest-js/-/postgrest-js-2.108.2.tgz. Extracting by manifest.
250 silly tarball no local data for @supabase/supabase-js@https://registry.npmjs.org/@supabase/supabase-js/-/supabase-js-2.108.2.tgz. Extracting by manifest.
251 http fetch GET 200 https://registry.npmjs.org/iceberg-js/-/iceberg-js-0.8.1.tgz 100ms (cache miss)
252 http fetch GET 200 https://registry.npmjs.org/clsx/-/clsx-2.1.1.tgz 137ms (cache miss)
253 http fetch POST 200 https://registry.npmjs.org/-/npm/v1/security/advisories/bulk 226ms
254 silly audit report {
254 silly audit report   postcss: [
254 silly audit report     {
254 silly audit report       id: 1117015,
254 silly audit report       url: 'https://github.com/advisories/GHSA-qx2v-qp2m-jg93',
254 silly audit report       title: 'PostCSS has XSS via Unescaped </style> in its CSS Stringify Output',
254 silly audit report       severity: 'moderate',
254 silly audit report       vulnerable_versions: '<8.5.10',
254 silly audit report       cwe: [Array],
254 silly audit report       cvss: [Object]
254 silly audit report     }
254 silly audit report   ]
254 silly audit report }
255 silly packumentCache corgi:https://registry.npmjs.org/postcss cache-miss
256 http cache https://registry.npmjs.org/postcss 19ms (cache hit)
257 silly packumentCache corgi:https://registry.npmjs.org/postcss set size:344717 disposed:false
258 silly packumentCache corgi:https://registry.npmjs.org/next cache-miss
259 http cache https://registry.npmjs.org/next 68ms (cache hit)
260 silly packumentCache corgi:https://registry.npmjs.org/next set size:25330843 disposed:false
261 http fetch GET 200 https://registry.npmjs.org/@supabase/storage-js/-/storage-js-2.108.2.tgz 659ms (cache miss)
262 http fetch GET 200 https://registry.npmjs.org/@supabase/phoenix/-/phoenix-0.4.4.tgz 682ms (cache miss)
263 http fetch GET 200 https://registry.npmjs.org/tailwind-merge/-/tailwind-merge-3.6.0.tgz 689ms (cache miss)
264 http fetch GET 200 https://registry.npmjs.org/@supabase/supabase-js/-/supabase-js-2.108.2.tgz 696ms (cache miss)
265 http fetch GET 200 https://registry.npmjs.org/@supabase/postgrest-js/-/postgrest-js-2.108.2.tgz 717ms (cache miss)
266 http fetch GET 200 https://registry.npmjs.org/@supabase/functions-js/-/functions-js-2.108.2.tgz 733ms (cache miss)
267 http fetch GET 200 https://registry.npmjs.org/@google/generative-ai/-/generative-ai-0.24.1.tgz 769ms (cache miss)
268 http fetch GET 200 https://registry.npmjs.org/@supabase/realtime-js/-/realtime-js-2.108.2.tgz 798ms (cache miss)
269 http fetch GET 200 https://registry.npmjs.org/@supabase/auth-js/-/auth-js-2.108.2.tgz 951ms (cache miss)
270 http fetch GET 200 https://registry.npmjs.org/lucide-react/-/lucide-react-1.21.0.tgz 4560ms (cache miss)
271 silly ADD node_modules/iceberg-js
272 silly ADD node_modules/@supabase/phoenix
273 silly ADD node_modules/@supabase/storage-js
274 silly ADD node_modules/@supabase/realtime-js
275 silly ADD node_modules/@supabase/postgrest-js
276 silly ADD node_modules/@supabase/functions-js
277 silly ADD node_modules/@supabase/auth-js
278 silly ADD node_modules/tailwind-merge
279 silly ADD node_modules/lucide-react
280 silly ADD node_modules/clsx
281 silly ADD node_modules/@supabase/supabase-js
282 silly ADD node_modules/@google/generative-ai
283 silly ADD
284 silly ADD
285 silly ADD
286 silly ADD
287 silly ADD
288 silly ADD
289 silly ADD
290 silly ADD
291 silly ADD
292 silly ADD
293 silly ADD
294 silly ADD
295 silly ADD
296 silly ADD node_modules/@emnapi/runtime
297 silly ADD
298 silly ADD
299 silly ADD
300 silly ADD
301 silly ADD
302 silly ADD
303 silly ADD
304 silly ADD
305 silly ADD
306 silly ADD
307 silly ADD
308 silly ADD
309 silly ADD
310 silly ADD
311 silly ADD
312 silly ADD
313 silly ADD
314 silly ADD
315 silly ADD
316 silly ADD
317 silly ADD
318 silly ADD
319 silly ADD
320 silly ADD
321 silly ADD
322 silly ADD
323 silly ADD
324 silly ADD
325 silly ADD
326 silly ADD
327 silly ADD
328 silly ADD
329 silly ADD
330 silly ADD
331 silly ADD
332 silly ADD
333 silly ADD
334 silly ADD
335 silly ADD
336 silly ADD
337 silly ADD
338 silly ADD
339 silly ADD
340 silly ADD
341 silly ADD
342 silly ADD
343 silly ADD
344 silly ADD
345 silly ADD
346 silly ADD
347 silly ADD
348 silly ADD
349 silly ADD
350 silly ADD
351 silly ADD
352 silly ADD
353 silly ADD
354 silly ADD
355 silly ADD
356 verbose cwd D:\MON3750\Reactor_Academy_app\Reactor-Academy
357 verbose os Windows_NT 10.0.26200
358 verbose node v22.18.0
359 verbose npm  v10.9.3
360 verbose exit 0
361 info ok
