0 verbose cli C:\Program Files\nodejs\node.exe C:\Program Files\nodejs\node_modules\npm\bin\npm-cli.js
1 info using npm@10.9.3
2 info using node@v22.18.0
3 silly config load:file:C:\Program Files\nodejs\node_modules\npm\npmrc
4 silly config load:file:D:\MON3750\Reactor_Academy_app\Reactor-Academy\.npmrc
5 silly config load:file:C:\Users\user\.npmrc
6 silly config load:file:C:\Users\user\AppData\Roaming\npm\etc\npmrc
7 verbose title npm exec create-next-app@latest . --ts --eslint --tailwind --src-dir --app --turbopack --import-alias @/* --use-npm
8 verbose argv "exec" "--" "create-next-app@latest" "." "--ts" "--eslint" "--tailwind" "--src-dir" "--app" "--turbopack" "--import-alias" "@/*" "--use-npm"
9 verbose logfile logs-max:10 dir:D:\MON3750\.npm-cache\_logs\2026-06-27T12_29_18_457Z-
10 verbose logfile D:\MON3750\.npm-cache\_logs\2026-06-27T12_29_18_457Z-debug-0.log
11 silly logfile done cleaning log files
12 silly packumentCache heap:4345298944 maxSize:1086324736 maxEntrySize:543162368
13 http fetch GET 200 https://registry.npmjs.org/npm 259ms
14 http fetch GET 200 https://registry.npmjs.org/create-next-app 348ms (cache miss)
15 silly packumentCache heap:4345298944 maxSize:1086324736 maxEntrySize:543162368
16 silly packumentCache heap:4345298944 maxSize:1086324736 maxEntrySize:543162368
17 warn exec The following package was not found and will be installed: create-next-app@16.2.9
18 silly idealTree buildDeps
19 silly fetch manifest create-next-app@16.2.9
20 silly packumentCache full:https://registry.npmjs.org/create-next-app cache-miss
21 http fetch GET 200 https://registry.npmjs.org/create-next-app 291ms (cache miss)
22 silly packumentCache full:https://registry.npmjs.org/create-next-app set size:undefined disposed:false
23 silly placeDep ROOT create-next-app@16.2.9 OK for:  want: 16.2.9
24 silly reify moves {}
25 silly audit bulk request { 'create-next-app': [ '16.2.9' ] }
26 http cache create-next-app@https://registry.npmjs.org/create-next-app/-/create-next-app-16.2.9.tgz 0ms (cache hit)
27 silly tarball no local data for create-next-app@https://registry.npmjs.org/create-next-app/-/create-next-app-16.2.9.tgz. Extracting by manifest.
28 http fetch POST 200 https://registry.npmjs.org/-/npm/v1/security/advisories/bulk 248ms
29 silly audit report {}
30 http fetch GET 200 https://registry.npmjs.org/create-next-app/-/create-next-app-16.2.9.tgz 260ms (cache miss)
31 verbose cwd D:\MON3750\Reactor_Academy_app\Reactor-Academy
32 verbose os Windows_NT 10.0.26200
33 verbose node v22.18.0
34 verbose npm  v10.9.3
35 notice
35 notice New major version of npm available! 10.9.3 -> 11.17.0
35 notice Changelog: https://github.com/npm/cli/releases/tag/v11.17.0
35 notice To update run: npm install -g npm@11.17.0
35 notice  { force: true, [Symbol(proc-log.meta)]: true }
36 verbose exit 0
37 info ok
