0 verbose cli C:\Program Files\nodejs\node.exe C:\Program Files\nodejs\node_modules\npm\bin\npm-cli.js
1 info using npm@10.9.3
2 info using node@v22.18.0
3 silly config load:file:C:\Program Files\nodejs\node_modules\npm\npmrc
4 silly config load:file:D:\MON3750\Reactor_Academy_app\.npmrc
5 silly config load:file:C:\Users\user\.npmrc
6 silly config load:file:D:\MON3750\.appdata\Roaming\npm\etc\npmrc
7 verbose title npm exec create-next-app@latest reactor-academy --ts --eslint --tailwind --src-dir --app --turbopack --import-alias @/* --use-npm
8 verbose argv "exec" "--" "create-next-app@latest" "reactor-academy" "--ts" "--eslint" "--tailwind" "--src-dir" "--app" "--turbopack" "--import-alias" "@/*" "--use-npm"
9 verbose logfile logs-max:10 dir:D:\MON3750\.npm-cache\_logs\2026-06-27T12_30_05_943Z-
10 verbose logfile D:\MON3750\.npm-cache\_logs\2026-06-27T12_30_05_943Z-debug-0.log
11 silly logfile done cleaning log files
12 silly packumentCache heap:4345298944 maxSize:1086324736 maxEntrySize:543162368
13 http fetch GET 200 https://registry.npmjs.org/create-next-app 182ms (cache revalidated)
14 silly packumentCache heap:4345298944 maxSize:1086324736 maxEntrySize:543162368
15 verbose Could not read global path D:\MON3750\.appdata\Roaming\npm, ignoring
16 silly packumentCache heap:4345298944 maxSize:1086324736 maxEntrySize:543162368
17 verbose cwd D:\MON3750\Reactor_Academy_app
18 verbose os Windows_NT 10.0.26200
19 verbose node v22.18.0
20 verbose npm  v10.9.3
21 verbose exit 0
22 info ok
